d:\breakout\breakout - textures\x64\debug\vc142.pdb
d:\breakout\breakout - textures\x64\debug\vc142.idb
d:\breakout\breakout - textures\x64\debug\texturemanager.obj
d:\breakout\breakout - textures\x64\debug\map.obj
d:\breakout\breakout - textures\x64\debug\main.obj
d:\breakout\breakout - textures\x64\debug\gameobject.obj
d:\breakout\breakout - textures\x64\debug\game.obj
d:\breakout\breakout - textures\x64\debug\vector2d.obj
d:\breakout\breakout - textures\x64\debug\ecs.obj
d:\breakout\breakout - textures\x64\debug\collision.obj
d:\breakout\breakout - textures\x64\debug\assetmanager.obj
d:\breakout\breakout - textures\x64\debug\breakout.exe
d:\breakout\breakout - textures\x64\debug\breakout.ilk
d:\breakout\breakout - textures\x64\debug\breakout.pdb
d:\breakout\breakout - textures\x64\debug\breakout.tlog\cl.command.1.tlog
d:\breakout\breakout - textures\x64\debug\breakout.tlog\cl.read.1.tlog
d:\breakout\breakout - textures\x64\debug\breakout.tlog\cl.write.1.tlog
d:\breakout\breakout - textures\x64\debug\breakout.tlog\link.command.1.tlog
d:\breakout\breakout - textures\x64\debug\breakout.tlog\link.read.1.tlog
d:\breakout\breakout - textures\x64\debug\breakout.tlog\link.write.1.tlog
